timestamp: 2010-09-15T16:14:10.900340
CREATE TABLE auth_user(
    id INTEGER PRIMARY KEY AUTOINCREMENT,
    first_name CHAR(512),
    last_name CHAR(512),
    email CHAR(512),
    employed DATE,
    montly INTEGER,
    password CHAR(512),
    registration_key CHAR(512),
    reset_password_key CHAR(512)
);
success!
timestamp: 2010-09-15T16:14:11.080006
CREATE TABLE auth_group(
    id INTEGER PRIMARY KEY AUTOINCREMENT,
    role CHAR(512),
    description TEXT
);
success!
timestamp: 2010-09-15T16:14:11.181045
CREATE TABLE auth_membership(
    id INTEGER PRIMARY KEY AUTOINCREMENT,
    user_id INTEGER REFERENCES auth_user(id) ON DELETE CASCADE,
    group_id INTEGER REFERENCES auth_group(id) ON DELETE CASCADE
);
success!
timestamp: 2010-09-15T16:14:11.316103
CREATE TABLE auth_permission(
    id INTEGER PRIMARY KEY AUTOINCREMENT,
    group_id INTEGER REFERENCES auth_group(id) ON DELETE CASCADE,
    name CHAR(512),
    table_name CHAR(512),
    record_id INTEGER
);
success!
timestamp: 2010-09-15T16:14:11.416207
CREATE TABLE auth_event(
    id INTEGER PRIMARY KEY AUTOINCREMENT,
    time_stamp TIMESTAMP,
    client_ip CHAR(512),
    user_id INTEGER REFERENCES auth_user(id) ON DELETE CASCADE,
    origin CHAR(512),
    description TEXT
);
success!
timestamp: 2010-09-15T16:14:11.532583
CREATE TABLE customers(
    id INTEGER PRIMARY KEY AUTOINCREMENT,
    name CHAR(512),
    piva CHAR(512),
    email CHAR(512),
    address_num CHAR(512),
    address_road CHAR(512),
    address_city CHAR(512),
    address_county CHAR(512),
    address_zip CHAR(512),
    address_state CHAR(512),
    mobile CHAR(512),
    phone CHAR(512),
    fax CHAR(512)
);
success!
timestamp: 2010-09-15T16:14:11.635929
CREATE TABLE works(
    id INTEGER PRIMARY KEY AUTOINCREMENT,
    name CHAR(512),
    customer INTEGER REFERENCES customers(id) ON DELETE CASCADE,
    description CHAR(512),
    assign_date DATE,
    due_to_date DATE,
    status CHAR(512),
    value INTEGER,
    cost INTEGER
);
success!
timestamp: 2010-09-15T16:14:11.723338
CREATE TABLE hours(
    id INTEGER PRIMARY KEY AUTOINCREMENT,
    work INTEGER REFERENCES works(id) ON DELETE CASCADE,
    user INTEGER REFERENCES auth_user(id) ON DELETE CASCADE,
    type CHAR(512),
    start TIMESTAMP,
    finish TIMESTAMP,
    note CHAR(512)
);
success!
